<?xml version="1.0" encoding="UTF-8"?>
<!-- Generated by org.testng.reporters.JUnitXMLReporter -->
<testsuite ignored="0" hostname="BTTWIN10-VM-175" failures="0" tests="3" name="Free CRM App Test Cases" time="29.27" errors="0" timestamp="06 Feb 2021 14:55:06 GMT">
  <testcase classname="com.crm.qa.testcases.LoginPageTest" name="loginPageTitleTest" time="0.033"/>
  <testcase classname="com.crm.qa.testcases.LoginPageTest" name="loginTest" time="0.251"/>
  <testcase classname="com.crm.qa.testcases.LoginPageTest" name="validateMyAccountDropdownTest" time="3.673"/>
</testsuite> <!-- Free CRM App Test Cases -->
