<?xml version="1.0" encoding="UTF-8"?>
<testng-results ignored="0" total="3" passed="3" failed="0" skipped="0">
  <reporter-output>
  </reporter-output>
  <suite started-at="2021-02-06T14:54:37Z" name="FREE CRM Application Test Automation Test Suite" finished-at="2021-02-06T14:55:06Z" duration-ms="29270">
    <groups>
    </groups>
    <test started-at="2021-02-06T14:54:37Z" name="Free CRM App Test Cases" finished-at="2021-02-06T14:55:06Z" duration-ms="29270">
      <class name="com.crm.qa.testcases.LoginPageTest">
        <test-method is-config="true" signature="setUp()[pri:0, instance:com.crm.qa.testcases.LoginPageTest@5db45159]" started-at="2021-02-06T20:24:37Z" name="setUp" finished-at="2021-02-06T20:24:45Z" duration-ms="8091" status="PASS">
          <reporter-output>
          </reporter-output>
        </test-method> <!-- setUp -->
        <test-method signature="loginPageTitleTest()[pri:1, instance:com.crm.qa.testcases.LoginPageTest@5db45159]" started-at="2021-02-06T20:24:45Z" name="loginPageTitleTest" finished-at="2021-02-06T20:24:45Z" duration-ms="33" status="PASS">
          <reporter-output>
          </reporter-output>
        </test-method> <!-- loginPageTitleTest -->
        <test-method is-config="true" signature="tearDown()[pri:0, instance:com.crm.qa.testcases.LoginPageTest@5db45159]" started-at="2021-02-06T20:24:45Z" name="tearDown" finished-at="2021-02-06T20:24:46Z" duration-ms="1056" status="PASS">
          <reporter-output>
          </reporter-output>
        </test-method> <!-- tearDown -->
        <test-method is-config="true" signature="setUp()[pri:0, instance:com.crm.qa.testcases.LoginPageTest@5db45159]" started-at="2021-02-06T20:24:46Z" name="setUp" finished-at="2021-02-06T20:24:53Z" duration-ms="6968" status="PASS">
          <reporter-output>
          </reporter-output>
        </test-method> <!-- setUp -->
        <test-method signature="loginTest()[pri:2, instance:com.crm.qa.testcases.LoginPageTest@5db45159]" started-at="2021-02-06T20:24:53Z" name="loginTest" finished-at="2021-02-06T20:24:54Z" duration-ms="251" status="PASS">
          <reporter-output>
          </reporter-output>
        </test-method> <!-- loginTest -->
        <test-method is-config="true" signature="tearDown()[pri:0, instance:com.crm.qa.testcases.LoginPageTest@5db45159]" started-at="2021-02-06T20:24:54Z" name="tearDown" finished-at="2021-02-06T20:24:54Z" duration-ms="878" status="PASS">
          <reporter-output>
          </reporter-output>
        </test-method> <!-- tearDown -->
        <test-method is-config="true" signature="setUp()[pri:0, instance:com.crm.qa.testcases.LoginPageTest@5db45159]" started-at="2021-02-06T20:24:54Z" name="setUp" finished-at="2021-02-06T20:25:02Z" duration-ms="7361" status="PASS">
          <reporter-output>
          </reporter-output>
        </test-method> <!-- setUp -->
        <test-method signature="validateMyAccountDropdownTest()[pri:2, instance:com.crm.qa.testcases.LoginPageTest@5db45159]" started-at="2021-02-06T20:25:02Z" name="validateMyAccountDropdownTest" finished-at="2021-02-06T20:25:05Z" duration-ms="3673" status="PASS">
          <reporter-output>
          </reporter-output>
        </test-method> <!-- validateMyAccountDropdownTest -->
        <test-method is-config="true" signature="tearDown()[pri:0, instance:com.crm.qa.testcases.LoginPageTest@5db45159]" started-at="2021-02-06T20:25:05Z" name="tearDown" finished-at="2021-02-06T20:25:06Z" duration-ms="930" status="PASS">
          <reporter-output>
          </reporter-output>
        </test-method> <!-- tearDown -->
      </class> <!-- com.crm.qa.testcases.LoginPageTest -->
    </test> <!-- Free CRM App Test Cases -->
  </suite> <!-- FREE CRM Application Test Automation Test Suite -->
</testng-results>
